#
# There is insufficient memory for the Java Runtime Environment to continue.
# Native memory allocation (malloc) failed to allocate 32744 bytes for ChunkPool::allocate
# Possible reasons:
#   The system is out of physical RAM or swap space
#   The process is running with CompressedOops enabled, and the Java Heap may be blocking the growth of the native heap
# Possible solutions:
#   Reduce memory load on the system
#   Increase physical memory or swap space
#   Check if swap backing store is full
#   Decrease Java heap size (-Xmx/-Xms)
#   Decrease number of Java threads
#   Decrease Java thread stack sizes (-Xss)
#   Set larger code cache with -XX:ReservedCodeCacheSize=
#   JVM is running with Unscaled Compressed Oops mode in which the Java heap is
#     placed in the first 4GB address space. The Java Heap base address is the
#     maximum limit for the native heap growth. Please use -XX:HeapBaseMinAddress
#     to set the Java Heap base and to place the Java Heap above 4GB virtual address.
# This output file may be truncated or incomplete.
#
#  Out of Memory Error (allocation.cpp:272), pid=8780, tid=0x0000000000003a20
#
# JRE version: OpenJDK Runtime Environment (8.0_202-b03) (build 1.8.0_202-release-1483-b03)
# Java VM: OpenJDK 64-Bit Server VM (25.202-b03 mixed mode windows-amd64 compressed oops)
# Failed to write core dump. Minidumps are not enabled by default on client versions of Windows
#

---------------  T H R E A D  ---------------

Current thread (0x000000001711e000):  JavaThread "C2 CompilerThread0" daemon [_thread_in_native, id=14880, stack(0x00000000187b0000,0x00000000188b0000)]

Stack: [0x00000000187b0000,0x00000000188b0000]
[error occurred during error reporting (printing stack bounds), id 0xc0000005]

Native frames: (J=compiled Java code, j=interpreted, Vv=VM code, C=native code)


Current CompileTask:
C2:  41969 2097  s    4       java.io.ByteArrayOutputStream::write (32 bytes)


---------------  P R O C E S S  ---------------

Java Threads: ( => current thread )
  0x00000000189c2000 JavaThread "Service Thread" daemon [_thread_blocked, id=4300, stack(0x0000000018eb0000,0x0000000018fb0000)]
  0x000000001717c800 JavaThread "C1 CompilerThread2" daemon [_thread_in_native, id=12328, stack(0x0000000018db0000,0x0000000018eb0000)]
  0x0000000017125800 JavaThread "C2 CompilerThread1" daemon [_thread_in_native, id=8252, stack(0x00000000188b0000,0x00000000189b0000)]
=>0x000000001711e000 JavaThread "C2 CompilerThread0" daemon [_thread_in_native, id=14880, stack(0x00000000187b0000,0x00000000188b0000)]
  0x000000001711a000 JavaThread "Attach Listener" daemon [_thread_blocked, id=14320, stack(0x00000000186b0000,0x00000000187b0000)]
  0x0000000017131000 JavaThread "Signal Dispatcher" daemon [_thread_blocked, id=7732, stack(0x00000000185b0000,0x00000000186b0000)]
  0x00000000025ca800 JavaThread "Finalizer" daemon [_thread_blocked, id=11628, stack(0x0000000018390000,0x0000000018490000)]
  0x00000000025c5800 JavaThread "Reference Handler" daemon [_thread_blocked, id=15104, stack(0x0000000018290000,0x0000000018390000)]
  0x00000000024d5000 JavaThread "main" [_thread_in_native, id=12544, stack(0x00000000023d0000,0x00000000024d0000)]

Other Threads:
  0x00000000170e7800 VMThread [stack: 0x0000000018190000,0x0000000018290000] [id=15072]
  0x00000000189c3000 WatcherThread [stack: 0x0000000018fb0000,0x00000000190b0000] [id=14060]

VM state:not at safepoint (normal execution)

VM Mutex/Monitor currently owned by a thread: None

heap address: 0x0000000081800000, size: 2024 MB, Compressed Oops mode: 32-bit
Narrow klass base: 0x0000000000000000, Narrow klass shift: 3
Compressed class space size: 1073741824 Address: 0x0000000100000000

Heap:
 PSYoungGen      total 38400K, used 16740K [0x00000000d5d80000, 0x00000000d8800000, 0x0000000100000000)
  eden space 33280K, 34% used [0x00000000d5d80000,0x00000000d68db3f0,0x00000000d7e00000)
  from space 5120K, 99% used [0x00000000d8300000,0x00000000d87fdd58,0x00000000d8800000)
  to   space 5120K, 0% used [0x00000000d7e00000,0x00000000d7e00000,0x00000000d8300000)
 ParOldGen       total 47104K, used 10855K [0x0000000081800000, 0x0000000084600000, 0x00000000d5d80000)
  object space 47104K, 23% used [0x0000000081800000,0x0000000082299dc8,0x0000000084600000)
 Metaspace       used 26491K, capacity 27006K, committed 27136K, reserved 1075200K
  class space    used 3173K, capacity 3321K, committed 3328K, reserved 1048576K

Card table byte_map: [0x0000000011990000,0x0000000011d90000] byte_map_base: 0x0000000011584000

Marking Bits: (ParMarkBitMap*) 0x000000005e6f9f30
 Begin Bits: [0x0000000012440000, 0x00000000143e0000)
 End Bits:   [0x00000000143e0000, 0x0000000016380000)

Polling page: 0x0000000000970000

CodeCache: size=245760Kb used=6328Kb max_used=6333Kb free=239431Kb
 bounds [0x00000000025d0000, 0x0000000002c10000, 0x00000000115d0000]
 total_blobs=2500 nmethods=2085 adapters=328
 compilation: enabled

Compilation events (10 events):
Event: 41.922 Thread 0x0000000017125800 nmethod 2095 0x0000000002bf9210 code [0x0000000002bf9360, 0x0000000002bf9578]
Event: 41.922 Thread 0x0000000017125800 2098       4       java.io.ByteArrayOutputStream::ensureCapacity (16 bytes)
Event: 41.923 Thread 0x000000001717c800 2100       3       java.lang.reflect.Method::equals (69 bytes)
Event: 41.923 Thread 0x000000001717c800 nmethod 2100 0x0000000002c02010 code [0x0000000002c021a0, 0x0000000002c02b08]
Event: 41.924 Thread 0x000000001717c800 2103       3       java.lang.Class::annotationData (44 bytes)
Event: 41.925 Thread 0x0000000017125800 nmethod 2098 0x0000000002bfa790 code [0x0000000002bfa8e0, 0x0000000002bfab88]
Event: 41.925 Thread 0x000000001717c800 nmethod 2103 0x0000000002c03fd0 code [0x0000000002c04160, 0x0000000002c044c8]
Event: 41.925 Thread 0x0000000017125800 2102       4       java.lang.reflect.Method::equals (69 bytes)
Event: 41.925 Thread 0x000000001717c800 2104       3       org.jetbrains.kotlin.container.CacheKt$getRegistrations$superClasses$1::invoke (70 bytes)
Event: 41.926 Thread 0x000000001717c800 nmethod 2104 0x0000000002c00910 code [0x0000000002c00b80, 0x0000000002c01c38]

GC Heap History (10 events):
Event: 11.457 GC heap before
{Heap before GC invocations=1 (full 0):
 PSYoungGen      total 38400K, used 33280K [0x00000000d5d80000, 0x00000000d8800000, 0x0000000100000000)
  eden space 33280K, 100% used [0x00000000d5d80000,0x00000000d7e00000,0x00000000d7e00000)
  from space 5120K, 0% used [0x00000000d8300000,0x00000000d8300000,0x00000000d8800000)
  to   space 5120K, 0% used [0x00000000d7e00000,0x00000000d7e00000,0x00000000d8300000)
 ParOldGen       total 87552K, used 0K [0x0000000081800000, 0x0000000086d80000, 0x00000000d5d80000)
  object space 87552K, 0% used [0x0000000081800000,0x0000000081800000,0x0000000086d80000)
 Metaspace       used 10071K, capacity 10288K, committed 10496K, reserved 1058816K
  class space    used 1108K, capacity 1182K, committed 1280K, reserved 1048576K
Event: 11.467 GC heap after
Heap after GC invocations=1 (full 0):
 PSYoungGen      total 38400K, used 5109K [0x00000000d5d80000, 0x00000000d8800000, 0x0000000100000000)
  eden space 33280K, 0% used [0x00000000d5d80000,0x00000000d5d80000,0x00000000d7e00000)
  from space 5120K, 99% used [0x00000000d7e00000,0x00000000d82fd458,0x00000000d8300000)
  to   space 5120K, 0% used [0x00000000d8300000,0x00000000d8300000,0x00000000d8800000)
 ParOldGen       total 87552K, used 2710K [0x0000000081800000, 0x0000000086d80000, 0x00000000d5d80000)
  object space 87552K, 3% used [0x0000000081800000,0x0000000081aa5990,0x0000000086d80000)
 Metaspace       used 10071K, capacity 10288K, committed 10496K, reserved 1058816K
  class space    used 1108K, capacity 1182K, committed 1280K, reserved 1048576K
}
Event: 19.387 GC heap before
{Heap before GC invocations=2 (full 0):
 PSYoungGen      total 38400K, used 38389K [0x00000000d5d80000, 0x00000000d8800000, 0x0000000100000000)
  eden space 33280K, 100% used [0x00000000d5d80000,0x00000000d7e00000,0x00000000d7e00000)
  from space 5120K, 99% used [0x00000000d7e00000,0x00000000d82fd458,0x00000000d8300000)
  to   space 5120K, 0% used [0x00000000d8300000,0x00000000d8300000,0x00000000d8800000)
 ParOldGen       total 87552K, used 2710K [0x0000000081800000, 0x0000000086d80000, 0x00000000d5d80000)
  object space 87552K, 3% used [0x0000000081800000,0x0000000081aa5990,0x0000000086d80000)
 Metaspace       used 16410K, capacity 16780K, committed 16896K, reserved 1064960K
  class space    used 1916K, capacity 2022K, committed 2048K, reserved 1048576K
Event: 19.414 GC heap after
Heap after GC invocations=2 (full 0):
 PSYoungGen      total 38400K, used 5120K [0x00000000d5d80000, 0x00000000d8800000, 0x0000000100000000)
  eden space 33280K, 0% used [0x00000000d5d80000,0x00000000d5d80000,0x00000000d7e00000)
  from space 5120K, 100% used [0x00000000d8300000,0x00000000d8800000,0x00000000d8800000)
  to   space 5120K, 0% used [0x00000000d7e00000,0x00000000d7e00000,0x00000000d8300000)
 ParOldGen       total 87552K, used 7649K [0x0000000081800000, 0x0000000086d80000, 0x00000000d5d80000)
  object space 87552K, 8% used [0x0000000081800000,0x0000000081f786a0,0x0000000086d80000)
 Metaspace       used 16410K, capacity 16780K, committed 16896K, reserved 1064960K
  class space    used 1916K, capacity 2022K, committed 2048K, reserved 1048576K
}
Event: 24.751 GC heap before
{Heap before GC invocations=3 (full 0):
 PSYoungGen      total 38400K, used 19912K [0x00000000d5d80000, 0x00000000d8800000, 0x0000000100000000)
  eden space 33280K, 44% used [0x00000000d5d80000,0x00000000d6bf2318,0x00000000d7e00000)
  from space 5120K, 100% used [0x00000000d8300000,0x00000000d8800000,0x00000000d8800000)
  to   space 5120K, 0% used [0x00000000d7e00000,0x00000000d7e00000,0x00000000d8300000)
 ParOldGen       total 87552K, used 7649K [0x0000000081800000, 0x0000000086d80000, 0x00000000d5d80000)
  object space 87552K, 8% used [0x0000000081800000,0x0000000081f786a0,0x0000000086d80000)
 Metaspace       used 20667K, capacity 21114K, committed 21296K, reserved 1069056K
  class space    used 2445K, capacity 2595K, committed 2688K, reserved 1048576K
Event: 24.765 GC heap after
Heap after GC invocations=3 (full 0):
 PSYoungGen      total 38400K, used 5092K [0x00000000d5d80000, 0x00000000d8800000, 0x0000000100000000)
  eden space 33280K, 0% used [0x00000000d5d80000,0x00000000d5d80000,0x00000000d7e00000)
  from space 5120K, 99% used [0x00000000d7e00000,0x00000000d82f9030,0x00000000d8300000)
  to   space 5120K, 0% used [0x00000000d8300000,0x00000000d8300000,0x00000000d8800000)
 ParOldGen       total 87552K, used 10937K [0x0000000081800000, 0x0000000086d80000, 0x00000000d5d80000)
  object space 87552K, 12% used [0x0000000081800000,0x00000000822ae458,0x0000000086d80000)
 Metaspace       used 20667K, capacity 21114K, committed 21296K, reserved 1069056K
  class space    used 2445K, capacity 2595K, committed 2688K, reserved 1048576K
}
Event: 24.765 GC heap before
{Heap before GC invocations=4 (full 1):
 PSYoungGen      total 38400K, used 5092K [0x00000000d5d80000, 0x00000000d8800000, 0x0000000100000000)
  eden space 33280K, 0% used [0x00000000d5d80000,0x00000000d5d80000,0x00000000d7e00000)
  from space 5120K, 99% used [0x00000000d7e00000,0x00000000d82f9030,0x00000000d8300000)
  to   space 5120K, 0% used [0x00000000d8300000,0x00000000d8300000,0x00000000d8800000)
 ParOldGen       total 87552K, used 10937K [0x0000000081800000, 0x0000000086d80000, 0x00000000d5d80000)
  object space 87552K, 12% used [0x0000000081800000,0x00000000822ae458,0x0000000086d80000)
 Metaspace       used 20667K, capacity 21114K, committed 21296K, reserved 1069056K
  class space    used 2445K, capacity 2595K, committed 2688K, reserved 1048576K
Event: 24.883 GC heap after
Heap after GC invocations=4 (full 1):
 PSYoungGen      total 38400K, used 0K [0x00000000d5d80000, 0x00000000d8800000, 0x0000000100000000)
  eden space 33280K, 0% used [0x00000000d5d80000,0x00000000d5d80000,0x00000000d7e00000)
  from space 5120K, 0% used [0x00000000d7e00000,0x00000000d7e00000,0x00000000d8300000)
  to   space 5120K, 0% used [0x00000000d8300000,0x00000000d8300000,0x00000000d8800000)
 ParOldGen       total 47104K, used 8242K [0x0000000081800000, 0x0000000084600000, 0x00000000d5d80000)
  object space 47104K, 17% used [0x0000000081800000,0x000000008200c958,0x0000000084600000)
 Metaspace       used 20667K, capacity 21114K, committed 21296K, reserved 1069056K
  class space    used 2445K, capacity 2595K, committed 2688K, reserved 1048576K
}
Event: 37.816 GC heap before
{Heap before GC invocations=5 (full 1):
 PSYoungGen      total 38400K, used 33280K [0x00000000d5d80000, 0x00000000d8800000, 0x0000000100000000)
  eden space 33280K, 100% used [0x00000000d5d80000,0x00000000d7e00000,0x00000000d7e00000)
  from space 5120K, 0% used [0x00000000d7e00000,0x00000000d7e00000,0x00000000d8300000)
  to   space 5120K, 0% used [0x00000000d8300000,0x00000000d8300000,0x00000000d8800000)
 ParOldGen       total 47104K, used 8242K [0x0000000081800000, 0x0000000084600000, 0x00000000d5d80000)
  object space 47104K, 17% used [0x0000000081800000,0x000000008200c958,0x0000000084600000)
 Metaspace       used 24583K, capacity 25092K, committed 25216K, reserved 1071104K
  class space    used 2940K, capacity 3096K, committed 3200K, reserved 1048576K
Event: 38.127 GC heap after
Heap after GC invocations=5 (full 1):
 PSYoungGen      total 38400K, used 5111K [0x00000000d5d80000, 0x00000000d8800000, 0x0000000100000000)
  eden space 33280K, 0% used [0x00000000d5d80000,0x00000000d5d80000,0x00000000d7e00000)
  from space 5120K, 99% used [0x00000000d8300000,0x00000000d87fdd58,0x00000000d8800000)
  to   space 5120K, 0% used [0x00000000d7e00000,0x00000000d7e00000,0x00000000d8300000)
 ParOldGen       total 47104K, used 10855K [0x0000000081800000, 0x0000000084600000, 0x00000000d5d80000)
  object space 47104K, 23% used [0x0000000081800000,0x0000000082299dc8,0x0000000084600000)
 Metaspace       used 24583K, capacity 25092K, committed 25216K, reserved 1071104K
  class space    used 2940K, capacity 3096K, committed 3200K, reserved 1048576K
}

Deoptimization events (10 events):
Event: 32.965 Thread 0x00000000024d5000 Uncommon trap: reason=class_check action=maybe_recompile pc=0x0000000002b13e48 method=gnu.trove.TObjectHash.equals(Ljava/lang/Object;Ljava/lang/Object;)Z @ 6
Event: 32.965 Thread 0x00000000024d5000 Uncommon trap: reason=class_check action=maybe_recompile pc=0x0000000002b13e48 method=gnu.trove.TObjectHash.equals(Ljava/lang/Object;Ljava/lang/Object;)Z @ 6
Event: 32.965 Thread 0x00000000024d5000 Uncommon trap: reason=class_check action=maybe_recompile pc=0x0000000002b13e48 method=gnu.trove.TObjectHash.equals(Ljava/lang/Object;Ljava/lang/Object;)Z @ 6
Event: 36.766 Thread 0x00000000024d5000 Uncommon trap: reason=unstable_if action=reinterpret pc=0x0000000002b6cc88 method=org.jetbrains.kotlin.protobuf.CodedInputStream.readRawVarint32()I @ 10
Event: 38.383 Thread 0x00000000024d5000 Uncommon trap: reason=class_check action=maybe_recompile pc=0x0000000002b7c468 method=org.jetbrains.kotlin.protobuf.CodedInputStream.tryRefillBuffer(I)Z @ 177
Event: 38.444 Thread 0x00000000024d5000 Uncommon trap: reason=class_check action=maybe_recompile pc=0x0000000002b7c468 method=org.jetbrains.kotlin.protobuf.CodedInputStream.tryRefillBuffer(I)Z @ 177
Event: 38.662 Thread 0x00000000024d5000 Uncommon trap: reason=class_check action=maybe_recompile pc=0x0000000002b7c468 method=org.jetbrains.kotlin.protobuf.CodedInputStream.tryRefillBuffer(I)Z @ 177
Event: 38.779 Thread 0x00000000024d5000 Uncommon trap: reason=class_check action=maybe_recompile pc=0x0000000002b7c468 method=org.jetbrains.kotlin.protobuf.CodedInputStream.tryRefillBuffer(I)Z @ 177
Event: 41.218 Thread 0x00000000024d5000 Uncommon trap: reason=range_check action=make_not_entrant pc=0x0000000002997de0 method=sun.reflect.generics.parser.SignatureParser.current()C @ 34
Event: 41.923 Thread 0x00000000024d5000 Uncommon trap: reason=unstable_if action=reinterpret pc=0x0000000002bf94f8 method=java.lang.reflect.Method.equals(Ljava/lang/Object;)Z @ 49

Classes redefined (0 events):
No events

Internal exceptions (10 events):
Event: 9.022 Thread 0x00000000024d5000 Exception <a 'java/lang/ArrayIndexOutOfBoundsException'> (0x00000000d77c4c40) thrown at [D:\src\AOSP-openjdk-cygwin\jdk8u\hotspot\src\share\vm\runtime\sharedRuntime.cpp, line 605]
Event: 12.459 Thread 0x00000000024d5000 Exception <a 'java/lang/ArrayIndexOutOfBoundsException'> (0x00000000d613f850) thrown at [D:\src\AOSP-openjdk-cygwin\jdk8u\hotspot\src\share\vm\runtime\sharedRuntime.cpp, line 605]
Event: 18.919 Thread 0x00000000024d5000 Implicit null exception at 0x00000000028dadaf to 0x00000000028dae19
Event: 19.190 Thread 0x00000000024d5000 Exception <a 'java/lang/NoSuchMethodError': java.lang.Object.lambda$comparing$77a9974f$1(Ljava/util/function/Function;Ljava/lang/Object;Ljava/lang/Object;)I> (0x00000000d7b7bfe8) thrown at [D:\src\AOSP-openjdk-cygwin\jdk8u\hotspot\src\share\vm\interpreter
Event: 19.248 Thread 0x00000000024d5000 Exception <a 'java/lang/NoSuchMethodError': java.lang.Object.lambda$static$0()J> (0x00000000d7c783b0) thrown at [D:\src\AOSP-openjdk-cygwin\jdk8u\hotspot\src\share\vm\interpreter\linkResolver.cpp, line 620]
Event: 21.462 Thread 0x00000000024d5000 Exception <a 'java/lang/NoSuchMethodError': java.lang.Object.lambda$static$0(I)[Lorg/jetbrains/kotlin/com/intellij/openapi/editor/event/DocumentListener;> (0x00000000d6366850) thrown at [D:\src\AOSP-openjdk-cygwin\jdk8u\hotspot\src\share\vm\interpreter\li
Event: 22.548 Thread 0x00000000024d5000 Exception <a 'java/lang/NoSuchMethodError': java.lang.Object.lambda$static$0(I)[Lorg/jetbrains/kotlin/com/intellij/psi/PsiAnnotation;> (0x00000000d6589068) thrown at [D:\src\AOSP-openjdk-cygwin\jdk8u\hotspot\src\share\vm\interpreter\linkResolver.cpp, line
Event: 24.462 Thread 0x00000000024d5000 Exception <a 'java/lang/NoSuchMethodError': java.lang.Object.lambda$static$0(I)[Lorg/jetbrains/kotlin/com/intellij/psi/PsiElement;> (0x00000000d6ab7fa0) thrown at [D:\src\AOSP-openjdk-cygwin\jdk8u\hotspot\src\share\vm\interpreter\linkResolver.cpp, line 62
Event: 41.219 Thread 0x00000000024d5000 Exception <a 'java/lang/ArrayIndexOutOfBoundsException': 126> (0x00000000d649cc68) thrown at [D:\src\AOSP-openjdk-cygwin\jdk8u\hotspot\src\share\vm\interpreter\interpreterRuntime.cpp, line 368]
Event: 41.219 Thread 0x00000000024d5000 Exception <a 'java/lang/ArrayIndexOutOfBoundsException': 86> (0x00000000d649e0f0) thrown at [D:\src\AOSP-openjdk-cygwin\jdk8u\hotspot\src\share\vm\interpreter\interpreterRuntime.cpp, line 368]

Events (10 events):
Event: 41.920 loading class kotlin/DeprecationLevel
Event: 41.920 loading class kotlin/DeprecationLevel done
Event: 41.923 Thread 0x00000000024d5000 Uncommon trap: trap_request=0xffffff65 fr.pc=0x0000000002bf94f8
Event: 41.923 Thread 0x00000000024d5000 DEOPT PACKING pc=0x0000000002bf94f8 sp=0x00000000024cde60
Event: 41.923 Thread 0x00000000024d5000 DEOPT UNPACKING pc=0x000000000261557b sp=0x00000000024cddf0 mode 2
Event: 41.923 loading class org/jetbrains/kotlin/types/Variance
Event: 41.923 loading class org/jetbrains/kotlin/types/Variance done
Event: 41.925 loading class sun/reflect/generics/scope/ConstructorScope
Event: 41.926 loading class sun/reflect/generics/scope/ConstructorScope done
Event: 41.926 loading class sun/reflect/generics/repository/ConstructorRepository


Dynamic libraries:
0x00007ff6c9a30000 - 0x00007ff6c9a61000 	C:\Users\ISH-LOLO\Desktop\android-studio\jre\jre\bin\java.exe
0x00007ffd1ef10000 - 0x00007ffd1f0f1000 	C:\WINDOWS\SYSTEM32\ntdll.dll
0x00007ffce8b50000 - 0x00007ffce8b64000 	C:\Program Files\AVAST Software\Avast\aswhook.dll
0x00007ffd1e640000 - 0x00007ffd1e6f1000 	C:\WINDOWS\System32\KERNEL32.DLL
0x00007ffd1bf50000 - 0x00007ffd1c1c3000 	C:\WINDOWS\System32\KERNELBASE.dll
0x00007ffd1e7c0000 - 0x00007ffd1e861000 	C:\WINDOWS\System32\ADVAPI32.dll
0x00007ffd1e9f0000 - 0x00007ffd1ea8e000 	C:\WINDOWS\System32\msvcrt.dll
0x00007ffd1e870000 - 0x00007ffd1e8cb000 	C:\WINDOWS\System32\sechost.dll
0x00007ffd1c650000 - 0x00007ffd1c774000 	C:\WINDOWS\System32\RPCRT4.dll
0x00007ffd1c460000 - 0x00007ffd1c5f0000 	C:\WINDOWS\System32\USER32.dll
0x00007ffd1bf30000 - 0x00007ffd1bf50000 	C:\WINDOWS\System32\win32u.dll
0x00007ffd1e4d0000 - 0x00007ffd1e4f8000 	C:\WINDOWS\System32\GDI32.dll
0x00007ffd1b390000 - 0x00007ffd1b522000 	C:\WINDOWS\System32\gdi32full.dll
0x00007ffd1c1d0000 - 0x00007ffd1c26f000 	C:\WINDOWS\System32\msvcp_win.dll
0x00007ffd1be30000 - 0x00007ffd1bf28000 	C:\WINDOWS\System32\ucrtbase.dll
0x00007ffd07220000 - 0x00007ffd07489000 	C:\WINDOWS\WinSxS\amd64_microsoft.windows.common-controls_6595b64144ccf1df_6.0.17134.706_none_fb43a2cb30647007\COMCTL32.dll
0x00007ffd1e1a0000 - 0x00007ffd1e4c2000 	C:\WINDOWS\System32\combase.dll
0x00007ffd1c270000 - 0x00007ffd1c2ea000 	C:\WINDOWS\System32\bcryptPrimitives.dll
0x00007ffd1e9c0000 - 0x00007ffd1e9ed000 	C:\WINDOWS\System32\IMM32.DLL
0x000000005f6f0000 - 0x000000005f7c2000 	C:\Users\ISH-LOLO\Desktop\android-studio\jre\jre\bin\msvcr100.dll
0x000000005df30000 - 0x000000005e776000 	C:\Users\ISH-LOLO\Desktop\android-studio\jre\jre\bin\server\jvm.dll
0x00007ffd1e7a0000 - 0x00007ffd1e7a8000 	C:\WINDOWS\System32\PSAPI.DLL
0x00007ffd19e50000 - 0x00007ffd19e59000 	C:\WINDOWS\SYSTEM32\WSOCK32.dll
0x00007ffd1c850000 - 0x00007ffd1c8bc000 	C:\WINDOWS\System32\WS2_32.dll
0x00007ffd18080000 - 0x00007ffd180a3000 	C:\WINDOWS\SYSTEM32\WINMM.dll
0x00007ffd0d780000 - 0x00007ffd0d78a000 	C:\WINDOWS\SYSTEM32\VERSION.dll
0x00007ffd18050000 - 0x00007ffd1807a000 	C:\WINDOWS\SYSTEM32\WINMMBASE.dll
0x00007ffd1b340000 - 0x00007ffd1b389000 	C:\WINDOWS\System32\cfgmgr32.dll
0x00007ffd16ab0000 - 0x00007ffd16abf000 	C:\Users\ISH-LOLO\Desktop\android-studio\jre\jre\bin\verify.dll
0x00007ffd16a60000 - 0x00007ffd16a89000 	C:\Users\ISH-LOLO\Desktop\android-studio\jre\jre\bin\java.dll
0x00007ffd0bcd0000 - 0x00007ffd0bce6000 	C:\Users\ISH-LOLO\Desktop\android-studio\jre\jre\bin\zip.dll
0x00007ffd1cd40000 - 0x00007ffd1e180000 	C:\WINDOWS\System32\SHELL32.dll
0x00007ffd1e510000 - 0x00007ffd1e5b9000 	C:\WINDOWS\System32\shcore.dll
0x00007ffd1b530000 - 0x00007ffd1bc3d000 	C:\WINDOWS\System32\windows.storage.dll
0x00007ffd1c400000 - 0x00007ffd1c451000 	C:\WINDOWS\System32\shlwapi.dll
0x00007ffd1b2c0000 - 0x00007ffd1b2d1000 	C:\WINDOWS\System32\kernel.appcore.dll
0x00007ffd1b270000 - 0x00007ffd1b28f000 	C:\WINDOWS\System32\profapi.dll
0x00007ffd1b220000 - 0x00007ffd1b26c000 	C:\WINDOWS\System32\powrprof.dll
0x00007ffd1b290000 - 0x00007ffd1b29a000 	C:\WINDOWS\System32\FLTLIB.DLL
0x00007ffd0bb10000 - 0x00007ffd0bb2a000 	C:\Users\ISH-LOLO\Desktop\android-studio\jre\jre\bin\net.dll
0x00007ffd1aaa0000 - 0x00007ffd1ab06000 	C:\WINDOWS\system32\mswsock.dll
0x00007ffd0b990000 - 0x00007ffd0b9a1000 	C:\Users\ISH-LOLO\Desktop\android-studio\jre\jre\bin\nio.dll

VM Arguments:
java_command: org.jetbrains.kotlin.cli.jvm.K2JVMCompiler -Xallow-no-source-files -classpath C:\Users\ISH-LOLO\.gradle\caches\modules-2\files-2.1\org.jetbrains.kotlin\kotlin-android-extensions-runtime\1.3.50\bec16087637a7cafe54894e73d38037977cb30d2\kotlin-android-extensions-runtime-1.3.50.jar;C:\Users\ISH-LOLO\.gradle\caches\modules-2\files-2.1\org.jetbrains.kotlin\kotlin-stdlib-jdk7\1.3.50\50ad05ea1c2595fb31b800e76db464d08d599af3\kotlin-stdlib-jdk7-1.3.50.jar;C:\Users\ISH-LOLO\.gradle\caches\transforms-2\files-2.1\8ae9e26c5c8c9a000acc0ed16b5d86cd\core-ktx-1.1.0\jars\classes.jar;C:\Users\ISH-LOLO\.gradle\caches\modules-2\files-2.1\org.jetbrains.kotlin\kotlin-stdlib\1.3.50\b529d1738c7e98bbfa36a4134039528f2ce78ebf\kotlin-stdlib-1.3.50.jar;C:\Users\ISH-LOLO\.gradle\caches\modules-2\files-2.1\org.jetbrains.kotlin\kotlin-stdlib-common\1.3.50\3d9cd3e1bc7b92e95f43d45be3bfbcf38e36ab87\kotlin-stdlib-common-1.3.50.jar;C:\Users\ISH-LOLO\.gradle\caches\modules-2\files-2.1\org.jetbrains\annotations\13.0\919f0dfe192fb4e063e7dacadee7f8bb9a2672a9\annotations-13.0.jar;C:\Users\ISH-LOLO\.gradle\caches\transforms-2\files-2.1\0c59e42970579c9c36ddd604ba39521e\appcompat-1.1.0\jars\classes.jar;C:\Users\ISH-LOLO\.gradle\caches\transforms-2\files-2.1\dde3a500be3f9e82cad45fe9d0d4710f\fragment-1.1.0\jars\classes.jar;C:\Users\ISH-LOLO\.gradle\caches\transforms-2\files-2.1\1e690e96e239b5322a70849840aaf8d6\appcompat-resources-1.1.0\jars\classes.jar;C:\Users\ISH-LOLO\.gradle\caches\transforms-2\files-2.1\b67b53361488a275cff23d941d562e4f\drawerlayout-1.0.0\jars\classes.jar;C:\Users\ISH-LOLO\.gradle\caches\transforms-2\files-2.1\017eb3dbde765a50e2c453e2c1be3254\viewpager-1.0.0\jars\classes.jar;C:\Users\ISH-LOLO\.gradle\caches\transforms-2\files-2.1\569463a400f4655cb66ccd8c77ac9d23\loader-1.0.0\jars\classes.jar;C:\Users\ISH-LOLO\.gradle\caches\transforms-2\files-2.1\7e76384a25d516b81e48b47e66093da8\activity-1.0.0\jars\classes.jar;C:\Users\ISH-LOLO\.gradle\caches\transforms-2\files-2.1\0d1e24dd755d1
java_class_path (initial): C:\Users\ISH-LOLO\.gradle\caches\modules-2\files-2.1\org.jetbrains.kotlin\kotlin-compiler-embeddable\1.3.50\1251c1768e5769b06c2487d6f6cf8acf6efb8960\kotlin-compiler-embeddable-1.3.50.jar;C:\Users\ISH-LOLO\.gradle\caches\modules-2\files-2.1\org.jetbrains.kotlin\kotlin-reflect\1.3.50\b499f22fd7c3e9c2e5b6c4005221fa47fc7f9a7a\kotlin-reflect-1.3.50.jar;C:\Users\ISH-LOLO\.gradle\caches\modules-2\files-2.1\org.jetbrains.kotlin\kotlin-stdlib\1.3.50\b529d1738c7e98bbfa36a4134039528f2ce78ebf\kotlin-stdlib-1.3.50.jar;C:\Users\ISH-LOLO\.gradle\caches\modules-2\files-2.1\org.jetbrains.kotlin\kotlin-script-runtime\1.3.50\59492b8dfb92522ba0ddb5dd1c4d0ef0a4fca1af\kotlin-script-runtime-1.3.50.jar;C:\Users\ISH-LOLO\.gradle\caches\modules-2\files-2.1\org.jetbrains.kotlin\kotlin-daemon-embeddable\1.3.50\5cb93bb33f4c6f833ead0beca4c831668e00cf52\kotlin-daemon-embeddable-1.3.50.jar;C:\Users\ISH-LOLO\.gradle\caches\modules-2\files-2.1\org.jetbrains.intellij.deps\trove4j\1.0.20181211\216c2e14b070f334479d800987affe4054cd563f\trove4j-1.0.20181211.jar;C:\Users\ISH-LOLO\.gradle\caches\modules-2\files-2.1\org.jetbrains.kotlin\kotlin-stdlib-common\1.3.50\3d9cd3e1bc7b92e95f43d45be3bfbcf38e36ab87\kotlin-stdlib-common-1.3.50.jar;C:\Users\ISH-LOLO\.gradle\caches\modules-2\files-2.1\org.jetbrains\annotations\13.0\919f0dfe192fb4e063e7dacadee7f8bb9a2672a9\annotations-13.0.jar;C:\Users\ISH-LOLO\Desktop\android-studio\jre\lib\tools.jar
Launcher Type: SUN_STANDARD

Environment Variables:
JAVA_HOME=C:\Program Files\Java\jdk-9.0.1
JRE_HOME=C:\Program Files\Java\jre-9.0.1
PATH=C:\Program Files (x86)\Common Files\Oracle\Java\javapath;C:\ORACLE\ORA12CR2\bin;C:\ProgramData\Oracle\Java\javapath;C:\WINDOWS\system32;C:\WINDOWS;C:\WINDOWS\System32\Wbem;C:\WINDOWS\System32\WindowsPowerShell\v1.0\;C:\Program Files\Microsoft SQL Server\Client SDK\ODBC\130\Tools\Binn\;C:\Program Files (x86)\Microsoft SQL Server\140\Tools\Binn\;C:\Program Files\Microsoft SQL Server\140\Tools\Binn\;C:\Program Files\Microsoft SQL Server\140\DTS\Binn\;C:\composer;C:\WINDOWS\System32\OpenSSH\;C:\Program Files\Microsoft VS Code\bin;C:\Program Files\dotnet\;C:\apache-maven-3.6.0\bin;C:\wamp64\bin\php\php7.3.1;C:\Program Files\Git\cmd;C:\Program Files\Git\mingw64\bin;C:\Program Files\Git\usr\bin;C:\Program Files\mingw-w64\x86_64-8.1.0-posix-seh-rt_v6-rev0\mingw64\bin;C:\Program Files (x86)\Microsoft SQL Server\150\DTS\Binn\;C:\Program Files\Microsoft SQL Server\130\Tools\Binn\;C:\Program Files\Microsoft SQL Server\Client SDK\ODBC\170\Tools\Binn\;C:\ADB\platform-tools;C:\Program Files\Java\jdk1.8.0_181\bin;C:\Program Files\JetBrains\IntelliJ IDEA Community Edition 2018.3.4\bin;;C:\Program Files\JetBrains\PhpStorm 2019.1.2\bin;;;C:\Program Files\JetBrains\WebStorm 2019.2.1\bin;
USERNAME=ISH-LOLO
OS=Windows_NT
PROCESSOR_IDENTIFIER=Intel64 Family 6 Model 61 Stepping 4, GenuineIntel



---------------  S Y S T E M  ---------------

OS: Windows 10.0 , 64 bit Build 17134 (10.0.17134.706)

CPU:total 4 (initial active 4) (2 cores per cpu, 2 threads per core) family 6 model 61 stepping 4, cmov, cx8, fxsr, mmx, sse, sse2, sse3, ssse3, sse4.1, sse4.2, popcnt, avx, avx2, aes, clmul, erms, 3dnowpref, lzcnt, ht, tsc, tscinvbit, bmi1, bmi2, adx

Memory: 4k page, physical 8289072k(523856k free), swap 12483348k(1712k free)

vm_info: OpenJDK 64-Bit Server VM (25.202-b03) for windows-amd64 JRE (1.8.0_202-release-1483-b03), built by "builder" with MS VC++ 10.0 (VS2010)

time: Mon Nov 18 15:37:27 2019
timezone: Paris, Madrid
elapsed time: 42 seconds (0d 0h 0m 42s)

